This is pdfTeX, Version 3.14159265-2.6-1.40.20 (TeX Live 2019/Debian) (preloaded format=pdflatex 2022.5.13)  13 MAY 2022 13:47
entering extended mode
 restricted \write18 enabled.
 %&-line parsing enabled.
**pagegarde.tex
(./pagegarde.tex
LaTeX2e <2020-02-02> patch level 2
L3 programming layer <2020-02-14>
! Undefined control sequence.
l.7 \includegraphics
                    [width=8cm]{Introduction/logo.png}\\[1cm] % Include a de...
The control sequence at the end of the top line
of your error message was never \def'ed. If you have
misspelled it (e.g., `\hobx'), type `I' and the correct
spelling (e.g., `I\hbox'). Otherwise just continue,
and I'll forget about whatever was undefined.


! LaTeX Error: Missing \begin{document}.

See the LaTeX manual or LaTeX Companion for explanation.
Type  H <return>  for immediate help.
 ...                                              
                                                  
l.7 \includegraphics[
                     width=8cm]{Introduction/logo.png}\\[1cm] % Include a de...

You're in trouble here.  Try typing  <return>  to proceed.
If that doesn't work, type  X <return>  to quit.

Missing character: There is no [ in font nullfont!
Missing character: There is no w in font nullfont!
Missing character: There is no i in font nullfont!
Missing character: There is no d in font nullfont!
Missing character: There is no t in font nullfont!
Missing character: There is no h in font nullfont!
Missing character: There is no = in font nullfont!
Missing character: There is no 8 in font nullfont!
Missing character: There is no c in font nullfont!
Missing character: There is no m in font nullfont!
Missing character: There is no ] in font nullfont!
Missing character: There is no I in font nullfont!
Missing character: There is no n in font nullfont!
Missing character: There is no t in font nullfont!
Missing character: There is no r in font nullfont!
Missing character: There is no o in font nullfont!
Missing character: There is no d in font nullfont!
Missing character: There is no u in font nullfont!
Missing character: There is no c in font nullfont!
Missing character: There is no t in font nullfont!
Missing character: There is no i in font nullfont!
Missing character: There is no o in font nullfont!
Missing character: There is no n in font nullfont!
Missing character: There is no / in font nullfont!
Missing character: There is no l in font nullfont!
Missing character: There is no o in font nullfont!
Missing character: There is no g in font nullfont!
Missing character: There is no o in font nullfont!
Missing character: There is no . in font nullfont!
Missing character: There is no p in font nullfont!
Missing character: There is no n in font nullfont!
Missing character: There is no g in font nullfont!

! LaTeX Error: Missing \begin{document}.

See the LaTeX manual or LaTeX Companion for explanation.
Type  H <return>  for immediate help.
 ...                                              
                                                  
l.11 \center
             % Center everything on the page
You're in trouble here.  Try typing  <return>  to proceed.
If that doesn't work, type  X <return>  to quit.

! Undefined control sequence.
<recently read> \LARGE 
                       
l.17 \textsc{\LARGE Rapport de projet PSTL}
                                           \\[1.5cm]
The control sequence at the end of the top line
of your error message was never \def'ed. If you have
misspelled it (e.g., `\hobx'), type `I' and the correct
spelling (e.g., `I\hbox'). Otherwise just continue,
and I'll forget about whatever was undefined.


Overfull \hbox (42.91084pt too wide) in paragraph at lines 17--17
 \OT1/cmr/m/sc/10 Rapport 
 []


Overfull \hbox (11.82217pt too wide) in paragraph at lines 17--17
 \OT1/cmr/m/sc/10 de 
 []


Overfull \hbox (21.51099pt too wide) in paragraph at lines 17--17
 \OT1/cmr/m/sc/10 pro- 
 []


Overfull \hbox (15.73325pt too wide) in paragraph at lines 17--17
 \OT1/cmr/m/sc/10 jet 
 []


Overfull \hbox (28.22192pt too wide) in paragraph at lines 17--17
 \OT1/cmr/m/sc/10 PSTL 
 []

! Undefined control sequence.
<recently read> \Large 
                       
l.18 \textsc{\Large Master Informatique}
                                        \\[0.5cm]
The control sequence at the end of the top line
of your error message was never \def'ed. If you have
misspelled it (e.g., `\hobx'), type `I' and the correct
spelling (e.g., `I\hbox'). Otherwise just continue,
and I'll forget about whatever was undefined.


Overfull \hbox (38.11087pt too wide) in paragraph at lines 18--18
 []\OT1/cmr/m/sc/10 Master 
 []


Overfull \hbox (13.96655pt too wide) in paragraph at lines 18--18
 \OT1/cmr/m/sc/10 In- 
 []


Overfull \hbox (21.28879pt too wide) in paragraph at lines 18--18
 \OT1/cmr/m/sc/10 for- 
 []


Overfull \hbox (17.37769pt too wide) in paragraph at lines 18--18
 \OT1/cmr/m/sc/10 ma- 
 []


Overfull \hbox (26.99986pt too wide) in paragraph at lines 18--18
 \OT1/cmr/m/sc/10 tique 
 []

! Undefined control sequence.
<recently read> \large 
                       
l.19 ...arge Sciences et technologies du logiciel}
                                                  \\[0.5cm]
The control sequence at the end of the top line
of your error message was never \def'ed. If you have
misspelled it (e.g., `\hobx'), type `I' and the correct
spelling (e.g., `I\hbox'). Otherwise just continue,
and I'll forget about whatever was undefined.


Overfull \hbox (42.82195pt too wide) in paragraph at lines 19--19
 []\OT1/cmr/m/sc/10 Sciences 
 []


Overfull \hbox (11.48882pt too wide) in paragraph at lines 19--19
 \OT1/cmr/m/sc/10 et 
 []


Overfull \hbox (27.31094pt too wide) in paragraph at lines 19--19
 \OT1/cmr/m/sc/10 tech- 
 []


Overfull \hbox (27.75542pt too wide) in paragraph at lines 19--19
 \OT1/cmr/m/sc/10 nolo- 
 []


Overfull \hbox (19.58878pt too wide) in paragraph at lines 19--19
 \OT1/cmr/m/sc/10 gies 
 []


Overfull \hbox (12.37775pt too wide) in paragraph at lines 19--19
 \OT1/cmr/m/sc/10 du 
 []


Overfull \hbox (24.69984pt too wide) in paragraph at lines 19--19
 \OT1/cmr/m/sc/10 logi- 
 []


Overfull \hbox (19.64432pt too wide) in paragraph at lines 19--19
 \OT1/cmr/m/sc/10 ciel 
 []

! Undefined control sequence.
l.26 { \huge
             \bfseries \@title}\\[0.4cm] % Title of your document
The control sequence at the end of the top line
of your error message was never \def'ed. If you have
misspelled it (e.g., `\hobx'), type `I' and the correct
spelling (e.g., `I\hbox'). Otherwise just continue,
and I'll forget about whatever was undefined.


! LaTeX Error: No \title given.

See the LaTeX manual or LaTeX Companion for explanation.
Type  H <return>  for immediate help.
 ...                                              
                                                  
l.26 { \huge \bfseries \@title
                              }\\[0.4cm] % Title of your document
Try typing  <return>  to proceed.
If that doesn't work, type  X <return>  to quit.


! LaTeX Error: There's no line here to end.

See the LaTeX manual or LaTeX Companion for explanation.
Type  H <return>  for immediate help.
 ...                                              
                                                  
l.26 { \huge \bfseries \@title}\\
                                 [0.4cm] % Title of your document
Your command was ignored.
Type  I <command> <return>  to replace it with another command,
or  <return>  to continue without it.

! Undefined control sequence.
l.34 \begin{flushleft} \large
                             
The control sequence at the end of the top line
of your error message was never \def'ed. If you have
misspelled it (e.g., `\hobx'), type `I' and the correct
spelling (e.g., `I\hbox'). Otherwise just continue,
and I'll forget about whatever was undefined.


LaTeX Warning: No \author given.

LaTeX Font Info:    External font `cmex10' loaded for size
(Font)              <7> on input line 41.
LaTeX Font Info:    External font `cmex10' loaded for size
(Font)              <5> on input line 41.
! Undefined control sequence.
l.44 \begin{flushright} \large
                              
The control sequence at the end of the top line
of your error message was never \def'ed. If you have
misspelled it (e.g., `\hobx'), type `I' and the correct
spelling (e.g., `I\hbox'). Otherwise just continue,
and I'll forget about whatever was undefined.

Missing character: There is no E in font nullfont!
Missing character: There is no m in font nullfont!
Missing character: There is no m in font nullfont!
Missing character: There is no a in font nullfont!
Missing character: There is no n in font nullfont!
Missing character: There is no u in font nullfont!
Missing character: There is no e in font nullfont!
Missing character: There is no l in font nullfont!
Missing character: There is no C in font nullfont!
Missing character: There is no h in font nullfont!
Missing character: There is no a in font nullfont!
Missing character: There is no i in font nullfont!
Missing character: There is no l in font nullfont!
Missing character: There is no l in font nullfont!
Missing character: There is no o in font nullfont!
Missing character: There is no u in font nullfont!
Missing character: There is no x in font nullfont!
Missing character: There is no B in font nullfont!
Missing character: There is no a in font nullfont!
Missing character: There is no s in font nullfont!
Missing character: There is no i in font nullfont!
Missing character: There is no l in font nullfont!
Missing character: There is no e in font nullfont!
Missing character: There is no P in font nullfont!
Missing character: There is no e in font nullfont!
Missing character: There is no s in font nullfont!
Missing character: There is no i in font nullfont!
Missing character: There is no n in font nullfont!

Overfull \hbox (3276.74998pt too wide) in paragraph at lines 33--49
 []$[]$ 
 []


Overfull \hbox (3276.74998pt too wide) in paragraph at lines 33--49
 []$ 
 []

! Undefined control sequence.
l.56 {\large
             15 mai 2022}\\[2cm] % Date, change the \today to a set date if ...
The control sequence at the end of the top line
of your error message was never \def'ed. If you have
misspelled it (e.g., `\hobx'), type `I' and the correct
spelling (e.g., `I\hbox'). Otherwise just continue,
and I'll forget about whatever was undefined.

Missing character: There is no 1 in font nullfont!
Missing character: There is no 5 in font nullfont!
Missing character: There is no m in font nullfont!
Missing character: There is no a in font nullfont!
Missing character: There is no i in font nullfont!
Missing character: There is no 2 in font nullfont!
Missing character: There is no 0 in font nullfont!
Missing character: There is no 2 in font nullfont!
Missing character: There is no 2 in font nullfont!
)
! Emergency stop.
<*> pagegarde.tex
                 
*** (job aborted, no legal \end found)

 
Here is how much of TeX's memory you used:
 31 strings out of 483154
 531 string characters out of 5965023
 232698 words of memory out of 5000000
 15154 multiletter control sequences out of 15000+600000
 533293 words of font info for 27 fonts, out of 8000000 for 9000
 14 hyphenation exceptions out of 8191
 20i,3n,18p,162b,161s stack positions out of 5000i,500n,10000p,200000b,80000s
!  ==> Fatal error occurred, no output PDF file produced!
